<?xml version="1.0" encoding="UTF-8"?>
<testsuites tests="2" failures="0" errors="0" skipped="0">
  <testsuite name="playwright tests" timestamp="2025-08-12T17:58:45.304Z" tests="2" failures="0" errors="0" skipped="0">
    <testcase name="home page has expected h1" time="72" file="/Users/iamwill/code/@trunk-io/trunk-reporter/tests/target/e2e/demo.test.ts" classname="Demo tests suite"/>
    <testcase name="home page has expected p" time="63" file="/Users/iamwill/code/@trunk-io/trunk-reporter/tests/target/e2e/demo.test.ts" classname="Demo tests suite"/>
  </testsuite>
</testsuites>